{"/home/shubhangi/Desktop/twitterclone/app.js": {"path":"/home/shubhangi/Desktop/twitterclone/app.js","statementMap":{"0":{"start":{"line":2,"column":0},"end":{"line":2,"column":27}},"1":{"start":{"line":3,"column":16},"end":{"line":3,"column":34}},"2":{"start":{"line":4,"column":18},"end":{"line":4,"column":47}},"3":{"start":{"line":5,"column":19},"end":{"line":5,"column":41}},"4":{"start":{"line":6,"column":16},"end":{"line":6,"column":34}},"5":{"start":{"line":8,"column":13},"end":{"line":8,"column":28}},"6":{"start":{"line":9,"column":0},"end":{"line":9,"column":16}},"7":{"start":{"line":10,"column":0},"end":{"line":21,"column":3}},"8":{"start":{"line":11,"column":2},"end":{"line":11,"column":52}},"9":{"start":{"line":12,"column":2},"end":{"line":15,"column":4}},"10":{"start":{"line":16,"column":2},"end":{"line":19,"column":4}},"11":{"start":{"line":20,"column":2},"end":{"line":20,"column":9}},"12":{"start":{"line":22,"column":0},"end":{"line":22,"column":27}},"13":{"start":{"line":24,"column":0},"end":{"line":24,"column":12}},"14":{"start":{"line":25,"column":13},"end":{"line":25,"column":43}},"15":{"start":{"line":26,"column":0},"end":{"line":26,"column":27}},"16":{"start":{"line":27,"column":14},"end":{"line":27,"column":44}},"17":{"start":{"line":28,"column":0},"end":{"line":28,"column":23}},"18":{"start":{"line":29,"column":16},"end":{"line":29,"column":46}},"19":{"start":{"line":30,"column":0},"end":{"line":30,"column":25}},"20":{"start":{"line":33,"column":0},"end":{"line":40,"column":1}},"21":{"start":{"line":35,"column":2},"end":{"line":35,"column":44}},"22":{"start":{"line":37,"column":2},"end":{"line":39,"column":5}},"23":{"start":{"line":38,"column":4},"end":{"line":38,"column":77}},"24":{"start":{"line":43,"column":0},"end":{"line":47,"column":1}},"25":{"start":{"line":44,"column":2},"end":{"line":46,"column":5}},"26":{"start":{"line":45,"column":4},"end":{"line":45,"column":52}},"27":{"start":{"line":48,"column":0},"end":{"line":48,"column":18}}},"fnMap":{"0":{"name":"(anonymous_0)","decl":{"start":{"line":10,"column":8},"end":{"line":10,"column":9}},"loc":{"start":{"line":10,"column":28},"end":{"line":21,"column":1}},"line":10},"1":{"name":"(anonymous_1)","decl":{"start":{"line":37,"column":15},"end":{"line":37,"column":16}},"loc":{"start":{"line":37,"column":29},"end":{"line":39,"column":3}},"line":37},"2":{"name":"(anonymous_2)","decl":{"start":{"line":44,"column":39},"end":{"line":44,"column":40}},"loc":{"start":{"line":44,"column":45},"end":{"line":46,"column":3}},"line":44}},"branchMap":{"0":{"loc":{"start":{"line":33,"column":0},"end":{"line":40,"column":1}},"type":"if","locations":[{"start":{"line":33,"column":0},"end":{"line":40,"column":1}},{"start":{"line":33,"column":0},"end":{"line":40,"column":1}}],"line":33},"1":{"loc":{"start":{"line":43,"column":0},"end":{"line":47,"column":1}},"type":"if","locations":[{"start":{"line":43,"column":0},"end":{"line":47,"column":1}},{"start":{"line":43,"column":0},"end":{"line":47,"column":1}}],"line":43},"2":{"loc":{"start":{"line":44,"column":13},"end":{"line":44,"column":37}},"type":"binary-expr","locations":[{"start":{"line":44,"column":13},"end":{"line":44,"column":29}},{"start":{"line":44,"column":33},"end":{"line":44,"column":37}}],"line":44}},"s":{"0":1,"1":1,"2":1,"3":1,"4":1,"5":1,"6":1,"7":1,"8":1,"9":1,"10":1,"11":1,"12":1,"13":1,"14":1,"15":1,"16":1,"17":1,"18":1,"19":1,"20":1,"21":0,"22":0,"23":0,"24":1,"25":0,"26":0,"27":1},"f":{"0":1,"1":0,"2":0},"b":{"0":[0,1],"1":[0,1],"2":[0,0]},"_coverageSchema":"1a1c01bbd47fc00a2c39e90264f33305004495a9","hash":"250b048c387bb65de11e05d8db13d743a5700be9"}
,"/home/shubhangi/Desktop/twitterclone/src/config/db.js": {"path":"/home/shubhangi/Desktop/twitterclone/src/config/db.js","statementMap":{"0":{"start":{"line":3,"column":17},"end":{"line":3,"column":36}},"1":{"start":{"line":4,"column":16},"end":{"line":4,"column":34}},"2":{"start":{"line":5,"column":11},"end":{"line":5,"column":32}},"3":{"start":{"line":7,"column":18},"end":{"line":52,"column":1}},"4":{"start":{"line":8,"column":2},"end":{"line":51,"column":3}},"5":{"start":{"line":9,"column":4},"end":{"line":20,"column":5}},"6":{"start":{"line":10,"column":6},"end":{"line":15,"column":9}},"7":{"start":{"line":16,"column":6},"end":{"line":16,"column":40}},"8":{"start":{"line":18,"column":6},"end":{"line":18,"column":23}},"9":{"start":{"line":19,"column":6},"end":{"line":19,"column":22}},"10":{"start":{"line":22,"column":34},"end":{"line":22,"column":66}},"11":{"start":{"line":24,"column":19},"end":{"line":24,"column":51}},"12":{"start":{"line":25,"column":4},"end":{"line":36,"column":5}},"13":{"start":{"line":26,"column":18},"end":{"line":26,"column":39}},"14":{"start":{"line":27,"column":6},"end":{"line":27,"column":22}},"15":{"start":{"line":28,"column":27},"end":{"line":33,"column":7}},"16":{"start":{"line":34,"column":6},"end":{"line":34,"column":47}},"17":{"start":{"line":35,"column":6},"end":{"line":35,"column":30}},"18":{"start":{"line":38,"column":4},"end":{"line":42,"column":5}},"19":{"start":{"line":39,"column":6},"end":{"line":39,"column":47}},"20":{"start":{"line":40,"column":6},"end":{"line":40,"column":40}},"21":{"start":{"line":41,"column":6},"end":{"line":41,"column":25}},"22":{"start":{"line":44,"column":4},"end":{"line":50,"column":5}},"23":{"start":{"line":45,"column":26},"end":{"line":45,"column":57}},"24":{"start":{"line":46,"column":6},"end":{"line":49,"column":7}},"25":{"start":{"line":47,"column":27},"end":{"line":47,"column":43}},"26":{"start":{"line":48,"column":8},"end":{"line":48,"column":37}},"27":{"start":{"line":54,"column":0},"end":{"line":54,"column":27}}},"fnMap":{"0":{"name":"(anonymous_0)","decl":{"start":{"line":7,"column":18},"end":{"line":7,"column":19}},"loc":{"start":{"line":7,"column":30},"end":{"line":52,"column":1}},"line":7},"1":{"name":"(anonymous_1)","decl":{"start":{"line":25,"column":29},"end":{"line":25,"column":30}},"loc":{"start":{"line":25,"column":41},"end":{"line":36,"column":5}},"line":25},"2":{"name":"(anonymous_2)","decl":{"start":{"line":38,"column":35},"end":{"line":38,"column":36}},"loc":{"start":{"line":38,"column":47},"end":{"line":42,"column":5}},"line":38},"3":{"name":"(anonymous_3)","decl":{"start":{"line":44,"column":35},"end":{"line":44,"column":36}},"loc":{"start":{"line":44,"column":47},"end":{"line":50,"column":5}},"line":44}},"branchMap":{"0":{"loc":{"start":{"line":8,"column":2},"end":{"line":51,"column":3}},"type":"if","locations":[{"start":{"line":8,"column":2},"end":{"line":51,"column":3}},{"start":{"line":8,"column":2},"end":{"line":51,"column":3}}],"line":8}},"s":{"0":1,"1":1,"2":1,"3":1,"4":1,"5":0,"6":0,"7":0,"8":0,"9":0,"10":1,"11":1,"12":0,"13":0,"14":0,"15":0,"16":0,"17":0,"18":0,"19":0,"20":0,"21":0,"22":0,"23":0,"24":0,"25":0,"26":0,"27":1},"f":{"0":1,"1":0,"2":0,"3":0},"b":{"0":[0,1]},"_coverageSchema":"1a1c01bbd47fc00a2c39e90264f33305004495a9","hash":"b30258ee51fdd9f05258ab1c189afc244fab2c15"}
,"/home/shubhangi/Desktop/twitterclone/src/middleware/auth.js": {"path":"/home/shubhangi/Desktop/twitterclone/src/middleware/auth.js","statementMap":{"0":{"start":{"line":3,"column":12},"end":{"line":3,"column":35}},"1":{"start":{"line":5,"column":16},"end":{"line":5,"column":34}},"2":{"start":{"line":6,"column":17},"end":{"line":6,"column":38}},"3":{"start":{"line":7,"column":0},"end":{"line":7,"column":22}},"4":{"start":{"line":8,"column":0},"end":{"line":25,"column":2}},"5":{"start":{"line":10,"column":16},"end":{"line":10,"column":42}},"6":{"start":{"line":13,"column":2},"end":{"line":15,"column":3}},"7":{"start":{"line":14,"column":4},"end":{"line":14,"column":74}},"8":{"start":{"line":17,"column":2},"end":{"line":24,"column":3}},"9":{"start":{"line":18,"column":20},"end":{"line":18,"column":47}},"10":{"start":{"line":19,"column":4},"end":{"line":19,"column":28}},"11":{"start":{"line":20,"column":4},"end":{"line":20,"column":11}},"12":{"start":{"line":23,"column":4},"end":{"line":23,"column":56}}},"fnMap":{"0":{"name":"(anonymous_0)","decl":{"start":{"line":8,"column":17},"end":{"line":8,"column":18}},"loc":{"start":{"line":8,"column":43},"end":{"line":25,"column":1}},"line":8}},"branchMap":{"0":{"loc":{"start":{"line":13,"column":2},"end":{"line":15,"column":3}},"type":"if","locations":[{"start":{"line":13,"column":2},"end":{"line":15,"column":3}},{"start":{"line":13,"column":2},"end":{"line":15,"column":3}}],"line":13}},"s":{"0":1,"1":1,"2":1,"3":1,"4":1,"5":0,"6":0,"7":0,"8":0,"9":0,"10":0,"11":0,"12":0},"f":{"0":0},"b":{"0":[0,0]},"_coverageSchema":"1a1c01bbd47fc00a2c39e90264f33305004495a9","hash":"e1b4caa3a152f31af04aba1525affa17e30c103d"}
,"/home/shubhangi/Desktop/twitterclone/src/model/comment.js": {"path":"/home/shubhangi/Desktop/twitterclone/src/model/comment.js","statementMap":{"0":{"start":{"line":3,"column":17},"end":{"line":3,"column":36}},"1":{"start":{"line":5,"column":22},"end":{"line":25,"column":2}},"2":{"start":{"line":27,"column":0},"end":{"line":27,"column":58}}},"fnMap":{},"branchMap":{},"s":{"0":1,"1":1,"2":1},"f":{},"b":{},"_coverageSchema":"1a1c01bbd47fc00a2c39e90264f33305004495a9","hash":"f8e80dd0589d003fb9e5e3a18b85dc2ffc522efb"}
,"/home/shubhangi/Desktop/twitterclone/src/model/tweet.js": {"path":"/home/shubhangi/Desktop/twitterclone/src/model/tweet.js","statementMap":{"0":{"start":{"line":3,"column":17},"end":{"line":3,"column":36}},"1":{"start":{"line":5,"column":19},"end":{"line":90,"column":2}},"2":{"start":{"line":92,"column":0},"end":{"line":92,"column":53}}},"fnMap":{},"branchMap":{},"s":{"0":1,"1":1,"2":1},"f":{},"b":{},"_coverageSchema":"1a1c01bbd47fc00a2c39e90264f33305004495a9","hash":"76bcf8da55eae3dc28cfea5518f56601dd10069b"}
,"/home/shubhangi/Desktop/twitterclone/src/model/user.js": {"path":"/home/shubhangi/Desktop/twitterclone/src/model/user.js","statementMap":{"0":{"start":{"line":3,"column":17},"end":{"line":3,"column":36}},"1":{"start":{"line":4,"column":24},"end":{"line":4,"column":60}},"2":{"start":{"line":5,"column":19},"end":{"line":69,"column":2}},"3":{"start":{"line":70,"column":0},"end":{"line":73,"column":3}},"4":{"start":{"line":74,"column":0},"end":{"line":74,"column":52}}},"fnMap":{},"branchMap":{},"s":{"0":1,"1":1,"2":1,"3":1,"4":1},"f":{},"b":{},"_coverageSchema":"1a1c01bbd47fc00a2c39e90264f33305004495a9","hash":"200260de99d6a2f336c350606005fe73b91a1035"}
,"/home/shubhangi/Desktop/twitterclone/src/route/auth.js": {"path":"/home/shubhangi/Desktop/twitterclone/src/route/auth.js","statementMap":{"0":{"start":{"line":3,"column":16},"end":{"line":3,"column":34}},"1":{"start":{"line":4,"column":13},"end":{"line":4,"column":40}},"2":{"start":{"line":5,"column":12},"end":{"line":5,"column":35}},"3":{"start":{"line":6,"column":15},"end":{"line":6,"column":34}},"4":{"start":{"line":7,"column":15},"end":{"line":7,"column":32}},"5":{"start":{"line":8,"column":36},"end":{"line":8,"column":70}},"6":{"start":{"line":9,"column":16},"end":{"line":9,"column":34}},"7":{"start":{"line":10,"column":17},"end":{"line":10,"column":38}},"8":{"start":{"line":11,"column":15},"end":{"line":11,"column":40}},"9":{"start":{"line":13,"column":15},"end":{"line":13,"column":31}},"10":{"start":{"line":14,"column":19},"end":{"line":14,"column":40}},"11":{"start":{"line":15,"column":25},"end":{"line":15,"column":65}},"12":{"start":{"line":17,"column":20},"end":{"line":23,"column":1}},"13":{"start":{"line":27,"column":0},"end":{"line":82,"column":2}},"14":{"start":{"line":36,"column":19},"end":{"line":36,"column":40}},"15":{"start":{"line":37,"column":4},"end":{"line":39,"column":5}},"16":{"start":{"line":38,"column":6},"end":{"line":38,"column":62}},"17":{"start":{"line":41,"column":6},"end":{"line":41,"column":14}},"18":{"start":{"line":42,"column":4},"end":{"line":42,"column":31}},"19":{"start":{"line":44,"column":26},"end":{"line":44,"column":28}},"20":{"start":{"line":45,"column":4},"end":{"line":45,"column":37}},"21":{"start":{"line":45,"column":13},"end":{"line":45,"column":37}},"22":{"start":{"line":46,"column":4},"end":{"line":46,"column":43}},"23":{"start":{"line":46,"column":15},"end":{"line":46,"column":43}},"24":{"start":{"line":47,"column":5},"end":{"line":47,"column":47}},"25":{"start":{"line":47,"column":17},"end":{"line":47,"column":47}},"26":{"start":{"line":48,"column":4},"end":{"line":48,"column":52}},"27":{"start":{"line":48,"column":18},"end":{"line":48,"column":52}},"28":{"start":{"line":49,"column":4},"end":{"line":49,"column":52}},"29":{"start":{"line":49,"column":18},"end":{"line":49,"column":52}},"30":{"start":{"line":50,"column":4},"end":{"line":50,"column":52}},"31":{"start":{"line":50,"column":18},"end":{"line":50,"column":52}},"32":{"start":{"line":51,"column":4},"end":{"line":51,"column":46}},"33":{"start":{"line":51,"column":16},"end":{"line":51,"column":46}},"34":{"start":{"line":55,"column":4},"end":{"line":80,"column":5}},"35":{"start":{"line":56,"column":20},"end":{"line":56,"column":49}},"36":{"start":{"line":57,"column":6},"end":{"line":61,"column":7}},"37":{"start":{"line":58,"column":8},"end":{"line":60,"column":62}},"38":{"start":{"line":63,"column":19},"end":{"line":63,"column":43}},"39":{"start":{"line":64,"column":6},"end":{"line":64,"column":65}},"40":{"start":{"line":65,"column":6},"end":{"line":65,"column":40}},"41":{"start":{"line":66,"column":6},"end":{"line":66,"column":27}},"42":{"start":{"line":68,"column":22},"end":{"line":72,"column":7}},"43":{"start":{"line":73,"column":6},"end":{"line":76,"column":9}},"44":{"start":{"line":74,"column":8},"end":{"line":74,"column":27}},"45":{"start":{"line":74,"column":17},"end":{"line":74,"column":27}},"46":{"start":{"line":75,"column":8},"end":{"line":75,"column":61}},"47":{"start":{"line":78,"column":6},"end":{"line":78,"column":25}},"48":{"start":{"line":79,"column":6},"end":{"line":79,"column":43}},"49":{"start":{"line":84,"column":0},"end":{"line":130,"column":2}},"50":{"start":{"line":91,"column":19},"end":{"line":91,"column":40}},"51":{"start":{"line":92,"column":4},"end":{"line":94,"column":5}},"52":{"start":{"line":93,"column":6},"end":{"line":93,"column":62}},"53":{"start":{"line":96,"column":32},"end":{"line":96,"column":40}},"54":{"start":{"line":97,"column":4},"end":{"line":128,"column":5}},"55":{"start":{"line":99,"column":17},"end":{"line":99,"column":46}},"56":{"start":{"line":100,"column":6},"end":{"line":104,"column":7}},"57":{"start":{"line":101,"column":8},"end":{"line":103,"column":62}},"58":{"start":{"line":106,"column":22},"end":{"line":106,"column":67}},"59":{"start":{"line":108,"column":6},"end":{"line":112,"column":7}},"60":{"start":{"line":109,"column":8},"end":{"line":111,"column":62}},"61":{"start":{"line":115,"column":22},"end":{"line":120,"column":7}},"62":{"start":{"line":121,"column":6},"end":{"line":124,"column":9}},"63":{"start":{"line":122,"column":8},"end":{"line":122,"column":27}},"64":{"start":{"line":122,"column":17},"end":{"line":122,"column":27}},"65":{"start":{"line":123,"column":8},"end":{"line":123,"column":27}},"66":{"start":{"line":126,"column":6},"end":{"line":126,"column":23}},"67":{"start":{"line":127,"column":6},"end":{"line":127,"column":43}},"68":{"start":{"line":134,"column":0},"end":{"line":181,"column":2}},"69":{"start":{"line":142,"column":19},"end":{"line":142,"column":40}},"70":{"start":{"line":143,"column":4},"end":{"line":145,"column":5}},"71":{"start":{"line":144,"column":6},"end":{"line":144,"column":54}},"72":{"start":{"line":146,"column":4},"end":{"line":179,"column":5}},"73":{"start":{"line":147,"column":6},"end":{"line":175,"column":9}},"74":{"start":{"line":148,"column":8},"end":{"line":150,"column":9}},"75":{"start":{"line":149,"column":10},"end":{"line":149,"column":27}},"76":{"start":{"line":151,"column":22},"end":{"line":151,"column":44}},"77":{"start":{"line":153,"column":21},"end":{"line":153,"column":66}},"78":{"start":{"line":155,"column":8},"end":{"line":159,"column":9}},"79":{"start":{"line":156,"column":10},"end":{"line":158,"column":64}},"80":{"start":{"line":160,"column":8},"end":{"line":160,"column":32}},"81":{"start":{"line":161,"column":8},"end":{"line":161,"column":47}},"82":{"start":{"line":162,"column":23},"end":{"line":162,"column":40}},"83":{"start":{"line":163,"column":8},"end":{"line":174,"column":7}},"84":{"start":{"line":164,"column":10},"end":{"line":172,"column":13}},"85":{"start":{"line":173,"column":10},"end":{"line":173,"column":59}},"86":{"start":{"line":177,"column":6},"end":{"line":177,"column":23}},"87":{"start":{"line":178,"column":6},"end":{"line":178,"column":43}},"88":{"start":{"line":183,"column":0},"end":{"line":217,"column":2}},"89":{"start":{"line":191,"column":19},"end":{"line":191,"column":40}},"90":{"start":{"line":192,"column":4},"end":{"line":194,"column":5}},"91":{"start":{"line":193,"column":6},"end":{"line":193,"column":54}},"92":{"start":{"line":195,"column":4},"end":{"line":215,"column":5}},"93":{"start":{"line":196,"column":26},"end":{"line":196,"column":43}},"94":{"start":{"line":197,"column":24},"end":{"line":197,"column":38}},"95":{"start":{"line":198,"column":6},"end":{"line":198,"column":29}},"96":{"start":{"line":199,"column":19},"end":{"line":199,"column":64}},"97":{"start":{"line":201,"column":6},"end":{"line":203,"column":7}},"98":{"start":{"line":202,"column":8},"end":{"line":202,"column":76}},"99":{"start":{"line":204,"column":19},"end":{"line":204,"column":43}},"100":{"start":{"line":205,"column":6},"end":{"line":205,"column":59}},"101":{"start":{"line":206,"column":6},"end":{"line":206,"column":34}},"102":{"start":{"line":207,"column":6},"end":{"line":207,"column":35}},"103":{"start":{"line":208,"column":24},"end":{"line":208,"column":41}},"104":{"start":{"line":209,"column":6},"end":{"line":211,"column":7}},"105":{"start":{"line":210,"column":8},"end":{"line":210,"column":58}},"106":{"start":{"line":213,"column":6},"end":{"line":213,"column":23}},"107":{"start":{"line":214,"column":6},"end":{"line":214,"column":43}},"108":{"start":{"line":219,"column":0},"end":{"line":219,"column":24}}},"fnMap":{"0":{"name":"(anonymous_0)","decl":{"start":{"line":35,"column":2},"end":{"line":35,"column":3}},"loc":{"start":{"line":35,"column":22},"end":{"line":81,"column":3}},"line":35},"1":{"name":"(anonymous_1)","decl":{"start":{"line":73,"column":57},"end":{"line":73,"column":58}},"loc":{"start":{"line":73,"column":73},"end":{"line":76,"column":7}},"line":73},"2":{"name":"(anonymous_2)","decl":{"start":{"line":90,"column":2},"end":{"line":90,"column":3}},"loc":{"start":{"line":90,"column":22},"end":{"line":129,"column":3}},"line":90},"3":{"name":"(anonymous_3)","decl":{"start":{"line":121,"column":57},"end":{"line":121,"column":58}},"loc":{"start":{"line":121,"column":73},"end":{"line":124,"column":7}},"line":121},"4":{"name":"(anonymous_4)","decl":{"start":{"line":141,"column":2},"end":{"line":141,"column":3}},"loc":{"start":{"line":141,"column":22},"end":{"line":180,"column":3}},"line":141},"5":{"name":"(anonymous_5)","decl":{"start":{"line":147,"column":29},"end":{"line":147,"column":30}},"loc":{"start":{"line":147,"column":52},"end":{"line":175,"column":7}},"line":147},"6":{"name":"(anonymous_6)","decl":{"start":{"line":190,"column":2},"end":{"line":190,"column":3}},"loc":{"start":{"line":190,"column":22},"end":{"line":216,"column":3}},"line":190}},"branchMap":{"0":{"loc":{"start":{"line":37,"column":4},"end":{"line":39,"column":5}},"type":"if","locations":[{"start":{"line":37,"column":4},"end":{"line":39,"column":5}},{"start":{"line":37,"column":4},"end":{"line":39,"column":5}}],"line":37},"1":{"loc":{"start":{"line":45,"column":4},"end":{"line":45,"column":37}},"type":"if","locations":[{"start":{"line":45,"column":4},"end":{"line":45,"column":37}},{"start":{"line":45,"column":4},"end":{"line":45,"column":37}}],"line":45},"2":{"loc":{"start":{"line":46,"column":4},"end":{"line":46,"column":43}},"type":"if","locations":[{"start":{"line":46,"column":4},"end":{"line":46,"column":43}},{"start":{"line":46,"column":4},"end":{"line":46,"column":43}}],"line":46},"3":{"loc":{"start":{"line":47,"column":5},"end":{"line":47,"column":47}},"type":"if","locations":[{"start":{"line":47,"column":5},"end":{"line":47,"column":47}},{"start":{"line":47,"column":5},"end":{"line":47,"column":47}}],"line":47},"4":{"loc":{"start":{"line":48,"column":4},"end":{"line":48,"column":52}},"type":"if","locations":[{"start":{"line":48,"column":4},"end":{"line":48,"column":52}},{"start":{"line":48,"column":4},"end":{"line":48,"column":52}}],"line":48},"5":{"loc":{"start":{"line":49,"column":4},"end":{"line":49,"column":52}},"type":"if","locations":[{"start":{"line":49,"column":4},"end":{"line":49,"column":52}},{"start":{"line":49,"column":4},"end":{"line":49,"column":52}}],"line":49},"6":{"loc":{"start":{"line":50,"column":4},"end":{"line":50,"column":52}},"type":"if","locations":[{"start":{"line":50,"column":4},"end":{"line":50,"column":52}},{"start":{"line":50,"column":4},"end":{"line":50,"column":52}}],"line":50},"7":{"loc":{"start":{"line":51,"column":4},"end":{"line":51,"column":46}},"type":"if","locations":[{"start":{"line":51,"column":4},"end":{"line":51,"column":46}},{"start":{"line":51,"column":4},"end":{"line":51,"column":46}}],"line":51},"8":{"loc":{"start":{"line":57,"column":6},"end":{"line":61,"column":7}},"type":"if","locations":[{"start":{"line":57,"column":6},"end":{"line":61,"column":7}},{"start":{"line":57,"column":6},"end":{"line":61,"column":7}}],"line":57},"9":{"loc":{"start":{"line":74,"column":8},"end":{"line":74,"column":27}},"type":"if","locations":[{"start":{"line":74,"column":8},"end":{"line":74,"column":27}},{"start":{"line":74,"column":8},"end":{"line":74,"column":27}}],"line":74},"10":{"loc":{"start":{"line":92,"column":4},"end":{"line":94,"column":5}},"type":"if","locations":[{"start":{"line":92,"column":4},"end":{"line":94,"column":5}},{"start":{"line":92,"column":4},"end":{"line":94,"column":5}}],"line":92},"11":{"loc":{"start":{"line":100,"column":6},"end":{"line":104,"column":7}},"type":"if","locations":[{"start":{"line":100,"column":6},"end":{"line":104,"column":7}},{"start":{"line":100,"column":6},"end":{"line":104,"column":7}}],"line":100},"12":{"loc":{"start":{"line":108,"column":6},"end":{"line":112,"column":7}},"type":"if","locations":[{"start":{"line":108,"column":6},"end":{"line":112,"column":7}},{"start":{"line":108,"column":6},"end":{"line":112,"column":7}}],"line":108},"13":{"loc":{"start":{"line":122,"column":8},"end":{"line":122,"column":27}},"type":"if","locations":[{"start":{"line":122,"column":8},"end":{"line":122,"column":27}},{"start":{"line":122,"column":8},"end":{"line":122,"column":27}}],"line":122},"14":{"loc":{"start":{"line":143,"column":4},"end":{"line":145,"column":5}},"type":"if","locations":[{"start":{"line":143,"column":4},"end":{"line":145,"column":5}},{"start":{"line":143,"column":4},"end":{"line":145,"column":5}}],"line":143},"15":{"loc":{"start":{"line":148,"column":8},"end":{"line":150,"column":9}},"type":"if","locations":[{"start":{"line":148,"column":8},"end":{"line":150,"column":9}},{"start":{"line":148,"column":8},"end":{"line":150,"column":9}}],"line":148},"16":{"loc":{"start":{"line":155,"column":8},"end":{"line":159,"column":9}},"type":"if","locations":[{"start":{"line":155,"column":8},"end":{"line":159,"column":9}},{"start":{"line":155,"column":8},"end":{"line":159,"column":9}}],"line":155},"17":{"loc":{"start":{"line":163,"column":8},"end":{"line":174,"column":7}},"type":"if","locations":[{"start":{"line":163,"column":8},"end":{"line":174,"column":7}},{"start":{"line":163,"column":8},"end":{"line":174,"column":7}}],"line":163},"18":{"loc":{"start":{"line":192,"column":4},"end":{"line":194,"column":5}},"type":"if","locations":[{"start":{"line":192,"column":4},"end":{"line":194,"column":5}},{"start":{"line":192,"column":4},"end":{"line":194,"column":5}}],"line":192},"19":{"loc":{"start":{"line":201,"column":6},"end":{"line":203,"column":7}},"type":"if","locations":[{"start":{"line":201,"column":6},"end":{"line":203,"column":7}},{"start":{"line":201,"column":6},"end":{"line":203,"column":7}}],"line":201},"20":{"loc":{"start":{"line":209,"column":6},"end":{"line":211,"column":7}},"type":"if","locations":[{"start":{"line":209,"column":6},"end":{"line":211,"column":7}},{"start":{"line":209,"column":6},"end":{"line":211,"column":7}}],"line":209}},"s":{"0":1,"1":1,"2":1,"3":1,"4":1,"5":1,"6":1,"7":1,"8":1,"9":1,"10":1,"11":1,"12":1,"13":1,"14":1,"15":1,"16":1,"17":0,"18":0,"19":0,"20":0,"21":0,"22":0,"23":0,"24":0,"25":0,"26":0,"27":0,"28":0,"29":0,"30":0,"31":0,"32":0,"33":0,"34":0,"35":0,"36":0,"37":0,"38":0,"39":0,"40":0,"41":0,"42":0,"43":0,"44":0,"45":0,"46":0,"47":0,"48":0,"49":1,"50":0,"51":0,"52":0,"53":0,"54":0,"55":0,"56":0,"57":0,"58":0,"59":0,"60":0,"61":0,"62":0,"63":0,"64":0,"65":0,"66":0,"67":0,"68":1,"69":0,"70":0,"71":0,"72":0,"73":0,"74":0,"75":0,"76":0,"77":0,"78":0,"79":0,"80":0,"81":0,"82":0,"83":0,"84":0,"85":0,"86":0,"87":0,"88":1,"89":0,"90":0,"91":0,"92":0,"93":0,"94":0,"95":0,"96":0,"97":0,"98":0,"99":0,"100":0,"101":0,"102":0,"103":0,"104":0,"105":0,"106":0,"107":0,"108":1},"f":{"0":1,"1":0,"2":0,"3":0,"4":0,"5":0,"6":0},"b":{"0":[1,0],"1":[0,0],"2":[0,0],"3":[0,0],"4":[0,0],"5":[0,0],"6":[0,0],"7":[0,0],"8":[0,0],"9":[0,0],"10":[0,0],"11":[0,0],"12":[0,0],"13":[0,0],"14":[0,0],"15":[0,0],"16":[0,0],"17":[0,0],"18":[0,0],"19":[0,0],"20":[0,0]},"_coverageSchema":"1a1c01bbd47fc00a2c39e90264f33305004495a9","hash":"13662571584b959295f06447a3e3e109b4ee603c"}
,"/home/shubhangi/Desktop/twitterclone/src/route/post.js": {"path":"/home/shubhangi/Desktop/twitterclone/src/route/post.js","statementMap":{"0":{"start":{"line":2,"column":17},"end":{"line":2,"column":36}},"1":{"start":{"line":4,"column":16},"end":{"line":4,"column":34}},"2":{"start":{"line":5,"column":15},"end":{"line":5,"column":31}},"3":{"start":{"line":6,"column":36},"end":{"line":6,"column":70}},"4":{"start":{"line":7,"column":13},"end":{"line":7,"column":45}},"5":{"start":{"line":8,"column":13},"end":{"line":8,"column":40}},"6":{"start":{"line":9,"column":14},"end":{"line":9,"column":42}},"7":{"start":{"line":10,"column":16},"end":{"line":10,"column":46}},"8":{"start":{"line":11,"column":17},"end":{"line":11,"column":44}},"9":{"start":{"line":13,"column":0},"end":{"line":37,"column":2}},"10":{"start":{"line":17,"column":19},"end":{"line":17,"column":40}},"11":{"start":{"line":18,"column":4},"end":{"line":20,"column":5}},"12":{"start":{"line":19,"column":6},"end":{"line":19,"column":47}},"13":{"start":{"line":21,"column":4},"end":{"line":35,"column":5}},"14":{"start":{"line":22,"column":22},"end":{"line":25,"column":8}},"15":{"start":{"line":26,"column":20},"end":{"line":26,"column":40}},"16":{"start":{"line":27,"column":6},"end":{"line":30,"column":9}},"17":{"start":{"line":31,"column":6},"end":{"line":31,"column":59}},"18":{"start":{"line":33,"column":6},"end":{"line":33,"column":23}},"19":{"start":{"line":34,"column":6},"end":{"line":34,"column":40}},"20":{"start":{"line":40,"column":0},"end":{"line":74,"column":3}},"21":{"start":{"line":41,"column":2},"end":{"line":73,"column":3}},"22":{"start":{"line":42,"column":22},"end":{"line":42,"column":24}},"23":{"start":{"line":43,"column":19},"end":{"line":43,"column":21}},"24":{"start":{"line":44,"column":19},"end":{"line":44,"column":30}},"25":{"start":{"line":45,"column":17},"end":{"line":45,"column":64}},"26":{"start":{"line":46,"column":4},"end":{"line":48,"column":7}},"27":{"start":{"line":47,"column":6},"end":{"line":47,"column":30}},"28":{"start":{"line":49,"column":19},"end":{"line":57,"column":23}},"29":{"start":{"line":58,"column":4},"end":{"line":60,"column":5}},"30":{"start":{"line":59,"column":6},"end":{"line":59,"column":67}},"31":{"start":{"line":62,"column":4},"end":{"line":67,"column":5}},"32":{"start":{"line":62,"column":17},"end":{"line":62,"column":18}},"33":{"start":{"line":63,"column":6},"end":{"line":65,"column":7}},"34":{"start":{"line":64,"column":8},"end":{"line":64,"column":42}},"35":{"start":{"line":66,"column":6},"end":{"line":66,"column":32}},"36":{"start":{"line":68,"column":4},"end":{"line":68,"column":67}},"37":{"start":{"line":68,"column":30},"end":{"line":68,"column":64}},"38":{"start":{"line":69,"column":4},"end":{"line":69,"column":76}},"39":{"start":{"line":71,"column":4},"end":{"line":71,"column":21}},"40":{"start":{"line":72,"column":4},"end":{"line":72,"column":47}},"41":{"start":{"line":76,"column":0},"end":{"line":96,"column":3}},"42":{"start":{"line":77,"column":2},"end":{"line":95,"column":3}},"43":{"start":{"line":78,"column":18},"end":{"line":78,"column":51}},"44":{"start":{"line":79,"column":4},"end":{"line":81,"column":5}},"45":{"start":{"line":80,"column":6},"end":{"line":80,"column":62}},"46":{"start":{"line":82,"column":4},"end":{"line":91,"column":5}},"47":{"start":{"line":83,"column":20},"end":{"line":83,"column":52}},"48":{"start":{"line":84,"column":6},"end":{"line":84,"column":32}},"49":{"start":{"line":85,"column":6},"end":{"line":85,"column":46}},"50":{"start":{"line":86,"column":6},"end":{"line":86,"column":25}},"51":{"start":{"line":88,"column":6},"end":{"line":88,"column":36}},"52":{"start":{"line":89,"column":6},"end":{"line":89,"column":46}},"53":{"start":{"line":90,"column":6},"end":{"line":90,"column":25}},"54":{"start":{"line":92,"column":4},"end":{"line":92,"column":56}},"55":{"start":{"line":94,"column":4},"end":{"line":94,"column":40}},"56":{"start":{"line":99,"column":0},"end":{"line":130,"column":2}},"57":{"start":{"line":103,"column":19},"end":{"line":103,"column":40}},"58":{"start":{"line":104,"column":4},"end":{"line":106,"column":5}},"59":{"start":{"line":105,"column":6},"end":{"line":105,"column":47}},"60":{"start":{"line":107,"column":4},"end":{"line":128,"column":5}},"61":{"start":{"line":108,"column":20},"end":{"line":108,"column":53}},"62":{"start":{"line":110,"column":6},"end":{"line":112,"column":7}},"63":{"start":{"line":111,"column":8},"end":{"line":111,"column":64}},"64":{"start":{"line":113,"column":25},"end":{"line":117,"column":8}},"65":{"start":{"line":118,"column":22},"end":{"line":118,"column":45}},"66":{"start":{"line":119,"column":6},"end":{"line":119,"column":44}},"67":{"start":{"line":120,"column":6},"end":{"line":120,"column":62}},"68":{"start":{"line":121,"column":6},"end":{"line":121,"column":25}},"69":{"start":{"line":123,"column":21},"end":{"line":123,"column":51}},"70":{"start":{"line":124,"column":6},"end":{"line":124,"column":62}},"71":{"start":{"line":126,"column":6},"end":{"line":126,"column":23}},"72":{"start":{"line":127,"column":6},"end":{"line":127,"column":42}},"73":{"start":{"line":132,"column":0},"end":{"line":148,"column":3}},"74":{"start":{"line":133,"column":2},"end":{"line":147,"column":3}},"75":{"start":{"line":134,"column":18},"end":{"line":134,"column":29}},"76":{"start":{"line":136,"column":21},"end":{"line":138,"column":23}},"77":{"start":{"line":140,"column":4},"end":{"line":142,"column":5}},"78":{"start":{"line":141,"column":6},"end":{"line":141,"column":65}},"79":{"start":{"line":143,"column":4},"end":{"line":143,"column":66}},"80":{"start":{"line":145,"column":4},"end":{"line":145,"column":21}},"81":{"start":{"line":146,"column":4},"end":{"line":146,"column":40}},"82":{"start":{"line":150,"column":0},"end":{"line":176,"column":3}},"83":{"start":{"line":151,"column":2},"end":{"line":175,"column":3}},"84":{"start":{"line":152,"column":22},"end":{"line":152,"column":24}},"85":{"start":{"line":153,"column":19},"end":{"line":153,"column":30}},"86":{"start":{"line":154,"column":19},"end":{"line":158,"column":23}},"87":{"start":{"line":159,"column":4},"end":{"line":161,"column":5}},"88":{"start":{"line":160,"column":6},"end":{"line":160,"column":67}},"89":{"start":{"line":162,"column":4},"end":{"line":169,"column":5}},"90":{"start":{"line":162,"column":17},"end":{"line":162,"column":18}},"91":{"start":{"line":163,"column":6},"end":{"line":165,"column":7}},"92":{"start":{"line":164,"column":8},"end":{"line":164,"column":42}},"93":{"start":{"line":166,"column":6},"end":{"line":168,"column":7}},"94":{"start":{"line":167,"column":8},"end":{"line":167,"column":34}},"95":{"start":{"line":170,"column":4},"end":{"line":170,"column":67}},"96":{"start":{"line":170,"column":30},"end":{"line":170,"column":64}},"97":{"start":{"line":171,"column":4},"end":{"line":171,"column":72}},"98":{"start":{"line":173,"column":4},"end":{"line":173,"column":21}},"99":{"start":{"line":174,"column":4},"end":{"line":174,"column":47}},"100":{"start":{"line":178,"column":0},"end":{"line":190,"column":3}},"101":{"start":{"line":179,"column":2},"end":{"line":189,"column":3}},"102":{"start":{"line":180,"column":18},"end":{"line":180,"column":29}},"103":{"start":{"line":182,"column":19},"end":{"line":184,"column":23}},"104":{"start":{"line":185,"column":4},"end":{"line":185,"column":65}},"105":{"start":{"line":187,"column":4},"end":{"line":187,"column":21}},"106":{"start":{"line":188,"column":4},"end":{"line":188,"column":47}},"107":{"start":{"line":193,"column":0},"end":{"line":222,"column":3}},"108":{"start":{"line":194,"column":2},"end":{"line":221,"column":3}},"109":{"start":{"line":195,"column":18},"end":{"line":195,"column":68}},"110":{"start":{"line":196,"column":4},"end":{"line":198,"column":5}},"111":{"start":{"line":197,"column":6},"end":{"line":197,"column":62}},"112":{"start":{"line":199,"column":4},"end":{"line":201,"column":5}},"113":{"start":{"line":200,"column":6},"end":{"line":200,"column":74}},"114":{"start":{"line":202,"column":17},"end":{"line":202,"column":49}},"115":{"start":{"line":203,"column":4},"end":{"line":203,"column":50}},"116":{"start":{"line":204,"column":4},"end":{"line":204,"column":37}},"117":{"start":{"line":205,"column":4},"end":{"line":205,"column":48}},"118":{"start":{"line":206,"column":4},"end":{"line":206,"column":43}},"119":{"start":{"line":207,"column":4},"end":{"line":207,"column":54}},"120":{"start":{"line":208,"column":4},"end":{"line":208,"column":53}},"121":{"start":{"line":209,"column":4},"end":{"line":209,"column":53}},"122":{"start":{"line":210,"column":4},"end":{"line":210,"column":40}},"123":{"start":{"line":211,"column":4},"end":{"line":211,"column":41}},"124":{"start":{"line":212,"column":4},"end":{"line":212,"column":23}},"125":{"start":{"line":213,"column":4},"end":{"line":216,"column":7}},"126":{"start":{"line":217,"column":4},"end":{"line":217,"column":64}},"127":{"start":{"line":219,"column":4},"end":{"line":219,"column":21}},"128":{"start":{"line":220,"column":4},"end":{"line":220,"column":47}},"129":{"start":{"line":224,"column":0},"end":{"line":254,"column":3}},"130":{"start":{"line":225,"column":2},"end":{"line":253,"column":3}},"131":{"start":{"line":226,"column":18},"end":{"line":226,"column":68}},"132":{"start":{"line":227,"column":4},"end":{"line":229,"column":5}},"133":{"start":{"line":228,"column":6},"end":{"line":228,"column":62}},"134":{"start":{"line":230,"column":17},"end":{"line":230,"column":49}},"135":{"start":{"line":232,"column":4},"end":{"line":248,"column":5}},"136":{"start":{"line":233,"column":20},"end":{"line":233,"column":55}},"137":{"start":{"line":234,"column":6},"end":{"line":234,"column":38}},"138":{"start":{"line":235,"column":6},"end":{"line":235,"column":50}},"139":{"start":{"line":236,"column":6},"end":{"line":236,"column":56}},"140":{"start":{"line":237,"column":6},"end":{"line":237,"column":45}},"141":{"start":{"line":238,"column":6},"end":{"line":238,"column":55}},"142":{"start":{"line":239,"column":6},"end":{"line":239,"column":55}},"143":{"start":{"line":240,"column":6},"end":{"line":240,"column":42}},"144":{"start":{"line":242,"column":6},"end":{"line":242,"column":25}},"145":{"start":{"line":244,"column":6},"end":{"line":247,"column":9}},"146":{"start":{"line":249,"column":4},"end":{"line":249,"column":64}},"147":{"start":{"line":251,"column":4},"end":{"line":251,"column":21}},"148":{"start":{"line":252,"column":4},"end":{"line":252,"column":47}},"149":{"start":{"line":257,"column":0},"end":{"line":283,"column":3}},"150":{"start":{"line":258,"column":2},"end":{"line":282,"column":3}},"151":{"start":{"line":259,"column":22},"end":{"line":259,"column":24}},"152":{"start":{"line":260,"column":19},"end":{"line":260,"column":30}},"153":{"start":{"line":261,"column":19},"end":{"line":265,"column":23}},"154":{"start":{"line":266,"column":4},"end":{"line":268,"column":5}},"155":{"start":{"line":267,"column":6},"end":{"line":267,"column":67}},"156":{"start":{"line":269,"column":4},"end":{"line":276,"column":5}},"157":{"start":{"line":269,"column":17},"end":{"line":269,"column":18}},"158":{"start":{"line":270,"column":6},"end":{"line":272,"column":7}},"159":{"start":{"line":271,"column":8},"end":{"line":271,"column":42}},"160":{"start":{"line":273,"column":6},"end":{"line":275,"column":7}},"161":{"start":{"line":274,"column":8},"end":{"line":274,"column":34}},"162":{"start":{"line":277,"column":4},"end":{"line":277,"column":67}},"163":{"start":{"line":277,"column":30},"end":{"line":277,"column":64}},"164":{"start":{"line":278,"column":4},"end":{"line":278,"column":76}},"165":{"start":{"line":280,"column":4},"end":{"line":280,"column":21}},"166":{"start":{"line":281,"column":4},"end":{"line":281,"column":41}},"167":{"start":{"line":285,"column":0},"end":{"line":285,"column":24}}},"fnMap":{"0":{"name":"(anonymous_0)","decl":{"start":{"line":16,"column":2},"end":{"line":16,"column":3}},"loc":{"start":{"line":16,"column":22},"end":{"line":36,"column":3}},"line":16},"1":{"name":"(anonymous_1)","decl":{"start":{"line":40,"column":30},"end":{"line":40,"column":31}},"loc":{"start":{"line":40,"column":50},"end":{"line":74,"column":1}},"line":40},"2":{"name":"(anonymous_2)","decl":{"start":{"line":46,"column":13},"end":{"line":46,"column":14}},"loc":{"start":{"line":46,"column":25},"end":{"line":48,"column":5}},"line":46},"3":{"name":"(anonymous_3)","decl":{"start":{"line":68,"column":19},"end":{"line":68,"column":20}},"loc":{"start":{"line":68,"column":30},"end":{"line":68,"column":64}},"line":68},"4":{"name":"(anonymous_4)","decl":{"start":{"line":76,"column":38},"end":{"line":76,"column":39}},"loc":{"start":{"line":76,"column":58},"end":{"line":96,"column":1}},"line":76},"5":{"name":"(anonymous_5)","decl":{"start":{"line":102,"column":2},"end":{"line":102,"column":3}},"loc":{"start":{"line":102,"column":22},"end":{"line":129,"column":3}},"line":102},"6":{"name":"(anonymous_6)","decl":{"start":{"line":132,"column":24},"end":{"line":132,"column":25}},"loc":{"start":{"line":132,"column":44},"end":{"line":148,"column":1}},"line":132},"7":{"name":"(anonymous_7)","decl":{"start":{"line":150,"column":29},"end":{"line":150,"column":30}},"loc":{"start":{"line":150,"column":49},"end":{"line":176,"column":1}},"line":150},"8":{"name":"(anonymous_8)","decl":{"start":{"line":170,"column":19},"end":{"line":170,"column":20}},"loc":{"start":{"line":170,"column":30},"end":{"line":170,"column":64}},"line":170},"9":{"name":"(anonymous_9)","decl":{"start":{"line":178,"column":31},"end":{"line":178,"column":32}},"loc":{"start":{"line":178,"column":51},"end":{"line":190,"column":1}},"line":178},"10":{"name":"(anonymous_10)","decl":{"start":{"line":193,"column":29},"end":{"line":193,"column":30}},"loc":{"start":{"line":193,"column":49},"end":{"line":222,"column":1}},"line":193},"11":{"name":"(anonymous_11)","decl":{"start":{"line":224,"column":33},"end":{"line":224,"column":34}},"loc":{"start":{"line":224,"column":53},"end":{"line":254,"column":1}},"line":224},"12":{"name":"(anonymous_12)","decl":{"start":{"line":257,"column":26},"end":{"line":257,"column":27}},"loc":{"start":{"line":257,"column":46},"end":{"line":283,"column":1}},"line":257},"13":{"name":"(anonymous_13)","decl":{"start":{"line":277,"column":19},"end":{"line":277,"column":20}},"loc":{"start":{"line":277,"column":30},"end":{"line":277,"column":64}},"line":277}},"branchMap":{"0":{"loc":{"start":{"line":18,"column":4},"end":{"line":20,"column":5}},"type":"if","locations":[{"start":{"line":18,"column":4},"end":{"line":20,"column":5}},{"start":{"line":18,"column":4},"end":{"line":20,"column":5}}],"line":18},"1":{"loc":{"start":{"line":58,"column":4},"end":{"line":60,"column":5}},"type":"if","locations":[{"start":{"line":58,"column":4},"end":{"line":60,"column":5}},{"start":{"line":58,"column":4},"end":{"line":60,"column":5}}],"line":58},"2":{"loc":{"start":{"line":63,"column":6},"end":{"line":65,"column":7}},"type":"if","locations":[{"start":{"line":63,"column":6},"end":{"line":65,"column":7}},{"start":{"line":63,"column":6},"end":{"line":65,"column":7}}],"line":63},"3":{"loc":{"start":{"line":68,"column":30},"end":{"line":68,"column":64}},"type":"cond-expr","locations":[{"start":{"line":68,"column":58},"end":{"line":68,"column":59}},{"start":{"line":68,"column":62},"end":{"line":68,"column":64}}],"line":68},"4":{"loc":{"start":{"line":79,"column":4},"end":{"line":81,"column":5}},"type":"if","locations":[{"start":{"line":79,"column":4},"end":{"line":81,"column":5}},{"start":{"line":79,"column":4},"end":{"line":81,"column":5}}],"line":79},"5":{"loc":{"start":{"line":82,"column":4},"end":{"line":91,"column":5}},"type":"if","locations":[{"start":{"line":82,"column":4},"end":{"line":91,"column":5}},{"start":{"line":82,"column":4},"end":{"line":91,"column":5}}],"line":82},"6":{"loc":{"start":{"line":104,"column":4},"end":{"line":106,"column":5}},"type":"if","locations":[{"start":{"line":104,"column":4},"end":{"line":106,"column":5}},{"start":{"line":104,"column":4},"end":{"line":106,"column":5}}],"line":104},"7":{"loc":{"start":{"line":110,"column":6},"end":{"line":112,"column":7}},"type":"if","locations":[{"start":{"line":110,"column":6},"end":{"line":112,"column":7}},{"start":{"line":110,"column":6},"end":{"line":112,"column":7}}],"line":110},"8":{"loc":{"start":{"line":140,"column":4},"end":{"line":142,"column":5}},"type":"if","locations":[{"start":{"line":140,"column":4},"end":{"line":142,"column":5}},{"start":{"line":140,"column":4},"end":{"line":142,"column":5}}],"line":140},"9":{"loc":{"start":{"line":159,"column":4},"end":{"line":161,"column":5}},"type":"if","locations":[{"start":{"line":159,"column":4},"end":{"line":161,"column":5}},{"start":{"line":159,"column":4},"end":{"line":161,"column":5}}],"line":159},"10":{"loc":{"start":{"line":163,"column":6},"end":{"line":165,"column":7}},"type":"if","locations":[{"start":{"line":163,"column":6},"end":{"line":165,"column":7}},{"start":{"line":163,"column":6},"end":{"line":165,"column":7}}],"line":163},"11":{"loc":{"start":{"line":166,"column":6},"end":{"line":168,"column":7}},"type":"if","locations":[{"start":{"line":166,"column":6},"end":{"line":168,"column":7}},{"start":{"line":166,"column":6},"end":{"line":168,"column":7}}],"line":166},"12":{"loc":{"start":{"line":170,"column":30},"end":{"line":170,"column":64}},"type":"cond-expr","locations":[{"start":{"line":170,"column":58},"end":{"line":170,"column":59}},{"start":{"line":170,"column":62},"end":{"line":170,"column":64}}],"line":170},"13":{"loc":{"start":{"line":196,"column":4},"end":{"line":198,"column":5}},"type":"if","locations":[{"start":{"line":196,"column":4},"end":{"line":198,"column":5}},{"start":{"line":196,"column":4},"end":{"line":198,"column":5}}],"line":196},"14":{"loc":{"start":{"line":199,"column":4},"end":{"line":201,"column":5}},"type":"if","locations":[{"start":{"line":199,"column":4},"end":{"line":201,"column":5}},{"start":{"line":199,"column":4},"end":{"line":201,"column":5}}],"line":199},"15":{"loc":{"start":{"line":227,"column":4},"end":{"line":229,"column":5}},"type":"if","locations":[{"start":{"line":227,"column":4},"end":{"line":229,"column":5}},{"start":{"line":227,"column":4},"end":{"line":229,"column":5}}],"line":227},"16":{"loc":{"start":{"line":232,"column":4},"end":{"line":248,"column":5}},"type":"if","locations":[{"start":{"line":232,"column":4},"end":{"line":248,"column":5}},{"start":{"line":232,"column":4},"end":{"line":248,"column":5}}],"line":232},"17":{"loc":{"start":{"line":266,"column":4},"end":{"line":268,"column":5}},"type":"if","locations":[{"start":{"line":266,"column":4},"end":{"line":268,"column":5}},{"start":{"line":266,"column":4},"end":{"line":268,"column":5}}],"line":266},"18":{"loc":{"start":{"line":270,"column":6},"end":{"line":272,"column":7}},"type":"if","locations":[{"start":{"line":270,"column":6},"end":{"line":272,"column":7}},{"start":{"line":270,"column":6},"end":{"line":272,"column":7}}],"line":270},"19":{"loc":{"start":{"line":273,"column":6},"end":{"line":275,"column":7}},"type":"if","locations":[{"start":{"line":273,"column":6},"end":{"line":275,"column":7}},{"start":{"line":273,"column":6},"end":{"line":275,"column":7}}],"line":273},"20":{"loc":{"start":{"line":277,"column":30},"end":{"line":277,"column":64}},"type":"cond-expr","locations":[{"start":{"line":277,"column":58},"end":{"line":277,"column":59}},{"start":{"line":277,"column":62},"end":{"line":277,"column":64}}],"line":277}},"s":{"0":1,"1":1,"2":1,"3":1,"4":1,"5":1,"6":1,"7":1,"8":1,"9":1,"10":0,"11":0,"12":0,"13":0,"14":0,"15":0,"16":0,"17":0,"18":0,"19":0,"20":1,"21":0,"22":0,"23":0,"24":0,"25":0,"26":0,"27":0,"28":0,"29":0,"30":0,"31":0,"32":0,"33":0,"34":0,"35":0,"36":0,"37":0,"38":0,"39":0,"40":0,"41":1,"42":0,"43":0,"44":0,"45":0,"46":0,"47":0,"48":0,"49":0,"50":0,"51":0,"52":0,"53":0,"54":0,"55":0,"56":1,"57":0,"58":0,"59":0,"60":0,"61":0,"62":0,"63":0,"64":0,"65":0,"66":0,"67":0,"68":0,"69":0,"70":0,"71":0,"72":0,"73":1,"74":0,"75":0,"76":0,"77":0,"78":0,"79":0,"80":0,"81":0,"82":1,"83":0,"84":0,"85":0,"86":0,"87":0,"88":0,"89":0,"90":0,"91":0,"92":0,"93":0,"94":0,"95":0,"96":0,"97":0,"98":0,"99":0,"100":1,"101":0,"102":0,"103":0,"104":0,"105":0,"106":0,"107":1,"108":0,"109":0,"110":0,"111":0,"112":0,"113":0,"114":0,"115":0,"116":0,"117":0,"118":0,"119":0,"120":0,"121":0,"122":0,"123":0,"124":0,"125":0,"126":0,"127":0,"128":0,"129":1,"130":0,"131":0,"132":0,"133":0,"134":0,"135":0,"136":0,"137":0,"138":0,"139":0,"140":0,"141":0,"142":0,"143":0,"144":0,"145":0,"146":0,"147":0,"148":0,"149":1,"150":0,"151":0,"152":0,"153":0,"154":0,"155":0,"156":0,"157":0,"158":0,"159":0,"160":0,"161":0,"162":0,"163":0,"164":0,"165":0,"166":0,"167":1},"f":{"0":0,"1":0,"2":0,"3":0,"4":0,"5":0,"6":0,"7":0,"8":0,"9":0,"10":0,"11":0,"12":0,"13":0},"b":{"0":[0,0],"1":[0,0],"2":[0,0],"3":[0,0],"4":[0,0],"5":[0,0],"6":[0,0],"7":[0,0],"8":[0,0],"9":[0,0],"10":[0,0],"11":[0,0],"12":[0,0],"13":[0,0],"14":[0,0],"15":[0,0],"16":[0,0],"17":[0,0],"18":[0,0],"19":[0,0],"20":[0,0]},"_coverageSchema":"1a1c01bbd47fc00a2c39e90264f33305004495a9","hash":"a8f9b0b7fb3e5c000ac5af35702a4737662f52d7"}
,"/home/shubhangi/Desktop/twitterclone/src/route/user.js": {"path":"/home/shubhangi/Desktop/twitterclone/src/route/user.js","statementMap":{"0":{"start":{"line":3,"column":16},"end":{"line":3,"column":34}},"1":{"start":{"line":4,"column":13},"end":{"line":4,"column":40}},"2":{"start":{"line":5,"column":36},"end":{"line":5,"column":70}},"3":{"start":{"line":6,"column":13},"end":{"line":6,"column":45}},"4":{"start":{"line":7,"column":15},"end":{"line":7,"column":31}},"5":{"start":{"line":9,"column":0},"end":{"line":20,"column":3}},"6":{"start":{"line":10,"column":2},"end":{"line":19,"column":3}},"7":{"start":{"line":11,"column":20},"end":{"line":11,"column":52}},"8":{"start":{"line":12,"column":4},"end":{"line":14,"column":5}},"9":{"start":{"line":13,"column":6},"end":{"line":13,"column":57}},"10":{"start":{"line":15,"column":4},"end":{"line":15,"column":59}},"11":{"start":{"line":17,"column":4},"end":{"line":17,"column":23}},"12":{"start":{"line":18,"column":4},"end":{"line":18,"column":41}},"13":{"start":{"line":21,"column":0},"end":{"line":35,"column":3}},"14":{"start":{"line":22,"column":2},"end":{"line":34,"column":3}},"15":{"start":{"line":23,"column":18},"end":{"line":26,"column":6}},"16":{"start":{"line":27,"column":4},"end":{"line":29,"column":5}},"17":{"start":{"line":28,"column":6},"end":{"line":28,"column":62}},"18":{"start":{"line":30,"column":4},"end":{"line":30,"column":60}},"19":{"start":{"line":32,"column":4},"end":{"line":32,"column":21}},"20":{"start":{"line":33,"column":4},"end":{"line":33,"column":40}},"21":{"start":{"line":36,"column":0},"end":{"line":57,"column":2}},"22":{"start":{"line":40,"column":19},"end":{"line":40,"column":40}},"23":{"start":{"line":41,"column":4},"end":{"line":43,"column":5}},"24":{"start":{"line":42,"column":6},"end":{"line":42,"column":62}},"25":{"start":{"line":44,"column":25},"end":{"line":44,"column":33}},"26":{"start":{"line":45,"column":4},"end":{"line":55,"column":5}},"27":{"start":{"line":46,"column":17},"end":{"line":46,"column":49}},"28":{"start":{"line":47,"column":6},"end":{"line":51,"column":7}},"29":{"start":{"line":48,"column":8},"end":{"line":48,"column":77}},"30":{"start":{"line":50,"column":8},"end":{"line":50,"column":58}},"31":{"start":{"line":53,"column":6},"end":{"line":53,"column":23}},"32":{"start":{"line":54,"column":6},"end":{"line":54,"column":42}},"33":{"start":{"line":59,"column":0},"end":{"line":91,"column":3}},"34":{"start":{"line":60,"column":17},"end":{"line":60,"column":32}},"35":{"start":{"line":61,"column":2},"end":{"line":90,"column":3}},"36":{"start":{"line":64,"column":17},"end":{"line":64,"column":44}},"37":{"start":{"line":65,"column":4},"end":{"line":67,"column":5}},"38":{"start":{"line":66,"column":6},"end":{"line":66,"column":75}},"39":{"start":{"line":69,"column":4},"end":{"line":73,"column":5}},"40":{"start":{"line":70,"column":6},"end":{"line":72,"column":66}},"41":{"start":{"line":75,"column":4},"end":{"line":77,"column":5}},"42":{"start":{"line":76,"column":6},"end":{"line":76,"column":80}},"43":{"start":{"line":78,"column":4},"end":{"line":81,"column":7}},"44":{"start":{"line":82,"column":4},"end":{"line":85,"column":7}},"45":{"start":{"line":86,"column":4},"end":{"line":86,"column":64}},"46":{"start":{"line":88,"column":4},"end":{"line":88,"column":21}},"47":{"start":{"line":89,"column":4},"end":{"line":89,"column":40}},"48":{"start":{"line":93,"column":0},"end":{"line":124,"column":3}},"49":{"start":{"line":94,"column":17},"end":{"line":94,"column":32}},"50":{"start":{"line":95,"column":2},"end":{"line":123,"column":3}},"51":{"start":{"line":97,"column":17},"end":{"line":97,"column":44}},"52":{"start":{"line":98,"column":4},"end":{"line":100,"column":5}},"53":{"start":{"line":99,"column":6},"end":{"line":99,"column":75}},"54":{"start":{"line":102,"column":4},"end":{"line":106,"column":5}},"55":{"start":{"line":103,"column":6},"end":{"line":105,"column":68}},"56":{"start":{"line":107,"column":4},"end":{"line":119,"column":5}},"57":{"start":{"line":108,"column":6},"end":{"line":111,"column":9}},"58":{"start":{"line":112,"column":6},"end":{"line":115,"column":9}},"59":{"start":{"line":116,"column":6},"end":{"line":116,"column":67}},"60":{"start":{"line":118,"column":6},"end":{"line":118,"column":67}},"61":{"start":{"line":121,"column":4},"end":{"line":121,"column":21}},"62":{"start":{"line":122,"column":4},"end":{"line":122,"column":40}},"63":{"start":{"line":125,"column":0},"end":{"line":125,"column":24}}},"fnMap":{"0":{"name":"(anonymous_0)","decl":{"start":{"line":9,"column":31},"end":{"line":9,"column":32}},"loc":{"start":{"line":9,"column":51},"end":{"line":20,"column":1}},"line":9},"1":{"name":"(anonymous_1)","decl":{"start":{"line":21,"column":24},"end":{"line":21,"column":25}},"loc":{"start":{"line":21,"column":44},"end":{"line":35,"column":1}},"line":21},"2":{"name":"(anonymous_2)","decl":{"start":{"line":39,"column":2},"end":{"line":39,"column":3}},"loc":{"start":{"line":39,"column":22},"end":{"line":56,"column":3}},"line":39},"3":{"name":"(anonymous_3)","decl":{"start":{"line":59,"column":29},"end":{"line":59,"column":30}},"loc":{"start":{"line":59,"column":49},"end":{"line":91,"column":1}},"line":59},"4":{"name":"(anonymous_4)","decl":{"start":{"line":93,"column":31},"end":{"line":93,"column":32}},"loc":{"start":{"line":93,"column":51},"end":{"line":124,"column":1}},"line":93}},"branchMap":{"0":{"loc":{"start":{"line":12,"column":4},"end":{"line":14,"column":5}},"type":"if","locations":[{"start":{"line":12,"column":4},"end":{"line":14,"column":5}},{"start":{"line":12,"column":4},"end":{"line":14,"column":5}}],"line":12},"1":{"loc":{"start":{"line":27,"column":4},"end":{"line":29,"column":5}},"type":"if","locations":[{"start":{"line":27,"column":4},"end":{"line":29,"column":5}},{"start":{"line":27,"column":4},"end":{"line":29,"column":5}}],"line":27},"2":{"loc":{"start":{"line":41,"column":4},"end":{"line":43,"column":5}},"type":"if","locations":[{"start":{"line":41,"column":4},"end":{"line":43,"column":5}},{"start":{"line":41,"column":4},"end":{"line":43,"column":5}}],"line":41},"3":{"loc":{"start":{"line":47,"column":6},"end":{"line":51,"column":7}},"type":"if","locations":[{"start":{"line":47,"column":6},"end":{"line":51,"column":7}},{"start":{"line":47,"column":6},"end":{"line":51,"column":7}}],"line":47},"4":{"loc":{"start":{"line":65,"column":4},"end":{"line":67,"column":5}},"type":"if","locations":[{"start":{"line":65,"column":4},"end":{"line":67,"column":5}},{"start":{"line":65,"column":4},"end":{"line":67,"column":5}}],"line":65},"5":{"loc":{"start":{"line":69,"column":4},"end":{"line":73,"column":5}},"type":"if","locations":[{"start":{"line":69,"column":4},"end":{"line":73,"column":5}},{"start":{"line":69,"column":4},"end":{"line":73,"column":5}}],"line":69},"6":{"loc":{"start":{"line":75,"column":4},"end":{"line":77,"column":5}},"type":"if","locations":[{"start":{"line":75,"column":4},"end":{"line":77,"column":5}},{"start":{"line":75,"column":4},"end":{"line":77,"column":5}}],"line":75},"7":{"loc":{"start":{"line":98,"column":4},"end":{"line":100,"column":5}},"type":"if","locations":[{"start":{"line":98,"column":4},"end":{"line":100,"column":5}},{"start":{"line":98,"column":4},"end":{"line":100,"column":5}}],"line":98},"8":{"loc":{"start":{"line":102,"column":4},"end":{"line":106,"column":5}},"type":"if","locations":[{"start":{"line":102,"column":4},"end":{"line":106,"column":5}},{"start":{"line":102,"column":4},"end":{"line":106,"column":5}}],"line":102},"9":{"loc":{"start":{"line":107,"column":4},"end":{"line":119,"column":5}},"type":"if","locations":[{"start":{"line":107,"column":4},"end":{"line":119,"column":5}},{"start":{"line":107,"column":4},"end":{"line":119,"column":5}}],"line":107}},"s":{"0":1,"1":1,"2":1,"3":1,"4":1,"5":1,"6":0,"7":0,"8":0,"9":0,"10":0,"11":0,"12":0,"13":1,"14":0,"15":0,"16":0,"17":0,"18":0,"19":0,"20":0,"21":1,"22":0,"23":0,"24":0,"25":0,"26":0,"27":0,"28":0,"29":0,"30":0,"31":0,"32":0,"33":1,"34":0,"35":0,"36":0,"37":0,"38":0,"39":0,"40":0,"41":0,"42":0,"43":0,"44":0,"45":0,"46":0,"47":0,"48":1,"49":0,"50":0,"51":0,"52":0,"53":0,"54":0,"55":0,"56":0,"57":0,"58":0,"59":0,"60":0,"61":0,"62":0,"63":1},"f":{"0":0,"1":0,"2":0,"3":0,"4":0},"b":{"0":[0,0],"1":[0,0],"2":[0,0],"3":[0,0],"4":[0,0],"5":[0,0],"6":[0,0],"7":[0,0],"8":[0,0],"9":[0,0]},"_coverageSchema":"1a1c01bbd47fc00a2c39e90264f33305004495a9","hash":"0e152595cef66757eb96c7df2e27dc3e29ae0553"}
}
